<?xml version="1.0" encoding="UTF-8"?>
<!-- Generated by org.testng.reporters.JUnitXMLReporter -->
<testsuite ignored="4" hostname="DESKTOP-LHN9MF2" failures="0" tests="3" name="Test" time="33.9" errors="0" timestamp="2025-01-31T16:50:48 IST">
  <testcase classname="com.qspiders.book.TC_DWS_001_Test" name="clickonBooks" time="1.147"/>
  <testcase classname="com.qspiders.computers.TC_DWS_010_Test" name="clickOnComputers" time="1.112"/>
  <testcase classname="com.qspiders.addtocart.TC_DWS_101_Test" name="clicktoComputer" time="0.866"/>
  <testcase classname="com.qspiders.genericutility.BaseClass" name="@AfterSuite reportBackup" time="0.0">
    <ignored/>
  </testcase> <!-- @AfterSuite reportBackup -->
  <testcase classname="com.qspiders.genericutility.BaseClass" name="@AfterSuite reportBackup" time="0.0">
    <ignored/>
  </testcase> <!-- @AfterSuite reportBackup -->
  <testcase classname="com.qspiders.genericutility.BaseClass" name="@BeforeSuite configReport" time="0.0">
    <ignored/>
  </testcase> <!-- @BeforeSuite configReport -->
  <testcase classname="com.qspiders.genericutility.BaseClass" name="@BeforeSuite configReport" time="0.0">
    <ignored/>
  </testcase> <!-- @BeforeSuite configReport -->
</testsuite> <!-- Test -->
