<?xml version="1.0" encoding="UTF-8"?>
<testng-results ignored="4" total="7" passed="3" failed="0" skipped="0">
  <reporter-output>
  </reporter-output>
  <suite started-at="2025-01-31T16:50:14 IST" name="Suite" finished-at="2025-01-31T16:50:48 IST" duration-ms="33900">
    <groups>
    </groups>
    <test started-at="2025-01-31T16:50:14 IST" name="Test" finished-at="2025-01-31T16:50:48 IST" duration-ms="33900">
      <class name="com.qspiders.addtocart.TC_DWS_101_Test">
        <test-method is-config="true" signature="openBrowser(java.lang.String)[pri:0, instance:com.qspiders.addtocart.TC_DWS_101_Test@639c2c1d]" started-at="2025-01-31T16:50:37 IST" name="openBrowser" finished-at="2025-01-31T16:50:41 IST" duration-ms="4493" status="PASS">
          <params>
            <param index="0">
              <value>
                <![CDATA[chrome]]>
              </value>
            </param>
          </params>
          <reporter-output>
          </reporter-output>
        </test-method> <!-- openBrowser -->
        <test-method is-config="true" signature="login()[pri:0, instance:com.qspiders.addtocart.TC_DWS_101_Test@639c2c1d]" started-at="2025-01-31T16:50:41 IST" name="login" finished-at="2025-01-31T16:50:46 IST" duration-ms="4466" status="PASS">
          <reporter-output>
          </reporter-output>
        </test-method> <!-- login -->
        <test-method signature="clicktoComputer()[pri:0, instance:com.qspiders.addtocart.TC_DWS_101_Test@639c2c1d]" started-at="2025-01-31T16:50:46 IST" name="clicktoComputer" finished-at="2025-01-31T16:50:47 IST" duration-ms="866" status="PASS">
          <reporter-output>
          </reporter-output>
        </test-method> <!-- clicktoComputer -->
        <test-method is-config="true" signature="logout()[pri:0, instance:com.qspiders.addtocart.TC_DWS_101_Test@639c2c1d]" started-at="2025-01-31T16:50:47 IST" name="logout" finished-at="2025-01-31T16:50:48 IST" duration-ms="895" status="PASS">
          <reporter-output>
          </reporter-output>
        </test-method> <!-- logout -->
        <test-method is-config="true" signature="closebrowser()[pri:0, instance:com.qspiders.addtocart.TC_DWS_101_Test@639c2c1d]" started-at="2025-01-31T16:50:48 IST" name="closebrowser" finished-at="2025-01-31T16:50:48 IST" duration-ms="448" status="PASS">
          <reporter-output>
          </reporter-output>
        </test-method> <!-- closebrowser -->
      </class> <!-- com.qspiders.addtocart.TC_DWS_101_Test -->
      <class name="com.qspiders.computers.TC_DWS_010_Test">
        <test-method is-config="true" signature="openBrowser(java.lang.String)[pri:0, instance:com.qspiders.computers.TC_DWS_010_Test@515c6049]" started-at="2025-01-31T16:50:26 IST" name="openBrowser" finished-at="2025-01-31T16:50:31 IST" duration-ms="4529" status="PASS">
          <params>
            <param index="0">
              <value>
                <![CDATA[chrome]]>
              </value>
            </param>
          </params>
          <reporter-output>
          </reporter-output>
        </test-method> <!-- openBrowser -->
        <test-method is-config="true" signature="login()[pri:0, instance:com.qspiders.computers.TC_DWS_010_Test@515c6049]" started-at="2025-01-31T16:50:31 IST" name="login" finished-at="2025-01-31T16:50:34 IST" duration-ms="3392" status="PASS">
          <reporter-output>
          </reporter-output>
        </test-method> <!-- login -->
        <test-method signature="clickOnComputers()[pri:0, instance:com.qspiders.computers.TC_DWS_010_Test@515c6049]" started-at="2025-01-31T16:50:34 IST" name="clickOnComputers" finished-at="2025-01-31T16:50:35 IST" duration-ms="1112" status="PASS">
          <reporter-output>
          </reporter-output>
        </test-method> <!-- clickOnComputers -->
        <test-method is-config="true" signature="logout()[pri:0, instance:com.qspiders.computers.TC_DWS_010_Test@515c6049]" started-at="2025-01-31T16:50:35 IST" name="logout" finished-at="2025-01-31T16:50:36 IST" duration-ms="994" status="PASS">
          <reporter-output>
          </reporter-output>
        </test-method> <!-- logout -->
        <test-method is-config="true" signature="closebrowser()[pri:0, instance:com.qspiders.computers.TC_DWS_010_Test@515c6049]" started-at="2025-01-31T16:50:36 IST" name="closebrowser" finished-at="2025-01-31T16:50:37 IST" duration-ms="449" status="PASS">
          <reporter-output>
          </reporter-output>
        </test-method> <!-- closebrowser -->
      </class> <!-- com.qspiders.computers.TC_DWS_010_Test -->
      <class name="com.qspiders.book.TC_DWS_001_Test">
        <test-method is-config="true" signature="configReport()[pri:0, instance:com.qspiders.book.TC_DWS_001_Test@59474f18]" started-at="2025-01-31T16:50:14 IST" name="configReport" finished-at="2025-01-31T16:50:14 IST" duration-ms="541" status="PASS">
          <reporter-output>
          </reporter-output>
        </test-method> <!-- configReport -->
        <test-method is-config="true" signature="openBrowser(java.lang.String)[pri:0, instance:com.qspiders.book.TC_DWS_001_Test@59474f18]" started-at="2025-01-31T16:50:14 IST" name="openBrowser" finished-at="2025-01-31T16:50:20 IST" duration-ms="5450" status="PASS">
          <params>
            <param index="0">
              <value>
                <![CDATA[chrome]]>
              </value>
            </param>
          </params>
          <reporter-output>
          </reporter-output>
        </test-method> <!-- openBrowser -->
        <test-method is-config="true" signature="login()[pri:0, instance:com.qspiders.book.TC_DWS_001_Test@59474f18]" started-at="2025-01-31T16:50:20 IST" name="login" finished-at="2025-01-31T16:50:24 IST" duration-ms="4162" status="PASS">
          <reporter-output>
          </reporter-output>
        </test-method> <!-- login -->
        <test-method signature="clickonBooks()[pri:0, instance:com.qspiders.book.TC_DWS_001_Test@59474f18]" started-at="2025-01-31T16:50:24 IST" name="clickonBooks" finished-at="2025-01-31T16:50:25 IST" duration-ms="1147" status="PASS">
          <reporter-output>
          </reporter-output>
        </test-method> <!-- clickonBooks -->
        <test-method is-config="true" signature="logout()[pri:0, instance:com.qspiders.book.TC_DWS_001_Test@59474f18]" started-at="2025-01-31T16:50:25 IST" name="logout" finished-at="2025-01-31T16:50:26 IST" duration-ms="907" status="PASS">
          <reporter-output>
          </reporter-output>
        </test-method> <!-- logout -->
        <test-method is-config="true" signature="closebrowser()[pri:0, instance:com.qspiders.book.TC_DWS_001_Test@59474f18]" started-at="2025-01-31T16:50:26 IST" name="closebrowser" finished-at="2025-01-31T16:50:26 IST" duration-ms="514" status="PASS">
          <reporter-output>
          </reporter-output>
        </test-method> <!-- closebrowser -->
        <test-method is-config="true" signature="reportBackup()[pri:0, instance:com.qspiders.book.TC_DWS_001_Test@59474f18]" started-at="2025-01-31T16:50:48 IST" name="reportBackup" finished-at="2025-01-31T16:50:49 IST" duration-ms="632" status="PASS">
          <reporter-output>
          </reporter-output>
        </test-method> <!-- reportBackup -->
      </class> <!-- com.qspiders.book.TC_DWS_001_Test -->
    </test> <!-- Test -->
  </suite> <!-- Suite -->
</testng-results>
