<?xml version="1.0" encoding="UTF-8"?>
<testng-results ignored="4" total="7" passed="2" failed="1" skipped="0">
  <reporter-output>
  </reporter-output>
  <suite started-at="2025-01-30T17:32:23 IST" name="Suite" finished-at="2025-01-30T17:33:12 IST" duration-ms="48297">
    <groups>
    </groups>
    <test started-at="2025-01-30T17:32:23 IST" name="Test" finished-at="2025-01-30T17:33:12 IST" duration-ms="48297">
      <class name="com.qspiders.addtocart.TC_DWS_101_Test">
        <test-method is-config="true" signature="openBrowser(java.lang.String)[pri:0, instance:com.qspiders.addtocart.TC_DWS_101_Test@33d512c1]" started-at="2025-01-30T17:32:50 IST" name="openBrowser" finished-at="2025-01-30T17:32:55 IST" duration-ms="4900" status="PASS">
          <params>
            <param index="0">
              <value>
                <![CDATA[chrome]]>
              </value>
            </param>
          </params>
          <reporter-output>
          </reporter-output>
        </test-method> <!-- openBrowser -->
        <test-method is-config="true" signature="login()[pri:0, instance:com.qspiders.addtocart.TC_DWS_101_Test@33d512c1]" started-at="2025-01-30T17:32:55 IST" name="login" finished-at="2025-01-30T17:33:01 IST" duration-ms="5552" status="PASS">
          <reporter-output>
          </reporter-output>
        </test-method> <!-- login -->
        <test-method signature="addtoCart()[pri:0, instance:com.qspiders.addtocart.TC_DWS_101_Test@33d512c1]" started-at="2025-01-30T17:33:01 IST" name="addtoCart" finished-at="2025-01-30T17:33:09 IST" duration-ms="8325" status="FAIL">
          <exception class="org.openqa.selenium.StaleElementReferenceException">
            <message>
              <![CDATA[stale element reference: stale element not found
  (Session info: chrome=132.0.6834.112)
For documentation on this error, please visit: https://www.selenium.dev/documentation/webdriver/troubleshooting/errors#stale-element-reference-exception
Build info: version: '4.17.0', revision: 'e52b1be057*'
System info: os.name: 'Windows 10', os.arch: 'amd64', os.version: '10.0', java.version: '23.0.1'
Driver info: org.openqa.selenium.chrome.ChromeDriver
Command: [0dd54f6bb91879cead3743f3975fadb4, clickElement {id=f.37794073F5182465280A1A8F500A4E48.d.0E3E02CDE79B494D3060001DCE2B1471.e.126}]
Capabilities {acceptInsecureCerts: false, browserName: chrome, browserVersion: 132.0.6834.112, chrome: {chromedriverVersion: 132.0.6834.159 (2d77d3fc445..., userDataDir: C:\Users\Acer\AppData\Local...}, fedcm:accounts: true, goog:chromeOptions: {debuggerAddress: localhost:56282}, networkConnectionEnabled: false, pageLoadStrategy: normal, platformName: windows, proxy: Proxy(), se:cdp: ws://localhost:56282/devtoo..., se:cdpVersion: 132.0.6834.112, setWindowRect: true, strictFileInteractability: false, timeouts: {implicit: 0, pageLoad: 300000, script: 30000}, unhandledPromptBehavior: dismiss and notify, webauthn:extension:credBlob: true, webauthn:extension:largeBlob: true, webauthn:extension:minPinLength: true, webauthn:extension:prf: true, webauthn:virtualAuthenticators: true}
Element: [[ChromeDriver: chrome on windows (0dd54f6bb91879cead3743f3975fadb4)] -> xpath: //a[text()='Simple Computer']/../..//input[@value='Add to cart']]
Session ID: 0dd54f6bb91879cead3743f3975fadb4]]>
            </message>
            <full-stacktrace>
              <![CDATA[org.openqa.selenium.StaleElementReferenceException: stale element reference: stale element not found
  (Session info: chrome=132.0.6834.112)
For documentation on this error, please visit: https://www.selenium.dev/documentation/webdriver/troubleshooting/errors#stale-element-reference-exception
Build info: version: '4.17.0', revision: 'e52b1be057*'
System info: os.name: 'Windows 10', os.arch: 'amd64', os.version: '10.0', java.version: '23.0.1'
Driver info: org.openqa.selenium.chrome.ChromeDriver
Command: [0dd54f6bb91879cead3743f3975fadb4, clickElement {id=f.37794073F5182465280A1A8F500A4E48.d.0E3E02CDE79B494D3060001DCE2B1471.e.126}]
Capabilities {acceptInsecureCerts: false, browserName: chrome, browserVersion: 132.0.6834.112, chrome: {chromedriverVersion: 132.0.6834.159 (2d77d3fc445..., userDataDir: C:\Users\Acer\AppData\Local...}, fedcm:accounts: true, goog:chromeOptions: {debuggerAddress: localhost:56282}, networkConnectionEnabled: false, pageLoadStrategy: normal, platformName: windows, proxy: Proxy(), se:cdp: ws://localhost:56282/devtoo..., se:cdpVersion: 132.0.6834.112, setWindowRect: true, strictFileInteractability: false, timeouts: {implicit: 0, pageLoad: 300000, script: 30000}, unhandledPromptBehavior: dismiss and notify, webauthn:extension:credBlob: true, webauthn:extension:largeBlob: true, webauthn:extension:minPinLength: true, webauthn:extension:prf: true, webauthn:virtualAuthenticators: true}
Element: [[ChromeDriver: chrome on windows (0dd54f6bb91879cead3743f3975fadb4)] -> xpath: //a[text()='Simple Computer']/../..//input[@value='Add to cart']]
Session ID: 0dd54f6bb91879cead3743f3975fadb4
at java.base/jdk.internal.reflect.DirectConstructorHandleAccessor.newInstance(DirectConstructorHandleAccessor.java:62)
at java.base/java.lang.reflect.Constructor.newInstanceWithCaller(Constructor.java:501)
at java.base/java.lang.reflect.Constructor.newInstance(Constructor.java:485)
at org.openqa.selenium.remote.codec.w3c.W3CHttpResponseCodec.createException(W3CHttpResponseCodec.java:185)
at org.openqa.selenium.remote.codec.w3c.W3CHttpResponseCodec.decode(W3CHttpResponseCodec.java:134)
at org.openqa.selenium.remote.codec.w3c.W3CHttpResponseCodec.decode(W3CHttpResponseCodec.java:51)
at org.openqa.selenium.remote.HttpCommandExecutor.execute(HttpCommandExecutor.java:190)
at org.openqa.selenium.remote.service.DriverCommandExecutor.invokeExecute(DriverCommandExecutor.java:216)
at org.openqa.selenium.remote.service.DriverCommandExecutor.execute(DriverCommandExecutor.java:174)
at org.openqa.selenium.remote.RemoteWebDriver.execute(RemoteWebDriver.java:519)
at org.openqa.selenium.remote.RemoteWebElement.execute(RemoteWebElement.java:223)
at org.openqa.selenium.remote.RemoteWebElement.click(RemoteWebElement.java:76)
at java.base/jdk.internal.reflect.DirectMethodHandleAccessor.invoke(DirectMethodHandleAccessor.java:103)
at java.base/java.lang.reflect.Method.invoke(Method.java:580)
at org.openqa.selenium.support.pagefactory.internal.LocatingElementHandler.invoke(LocatingElementHandler.java:51)
at jdk.proxy2/jdk.proxy2.$Proxy21.click(Unknown Source)
at com.qspiders.addtocart.TC_DWS_101_Test.addtoCart(TC_DWS_101_Test.java:22)
at java.base/jdk.internal.reflect.DirectMethodHandleAccessor.invoke(DirectMethodHandleAccessor.java:103)
at java.base/java.lang.reflect.Method.invoke(Method.java:580)
at org.testng.internal.MethodInvocationHelper.invokeMethod(MethodInvocationHelper.java:133)
at org.testng.internal.TestInvoker.invokeMethod(TestInvoker.java:598)
at org.testng.internal.TestInvoker.invokeTestMethod(TestInvoker.java:173)
at org.testng.internal.MethodRunner.runInSequence(MethodRunner.java:46)
at org.testng.internal.TestInvoker$MethodInvocationAgent.invoke(TestInvoker.java:824)
at org.testng.internal.TestInvoker.invokeTestMethods(TestInvoker.java:146)
at org.testng.internal.TestMethodWorker.invokeTestMethods(TestMethodWorker.java:146)
at org.testng.internal.TestMethodWorker.run(TestMethodWorker.java:128)
at java.base/java.util.ArrayList.forEach(ArrayList.java:1597)
at org.testng.TestRunner.privateRun(TestRunner.java:794)
at org.testng.TestRunner.run(TestRunner.java:596)
at org.testng.SuiteRunner.runTest(SuiteRunner.java:377)
at org.testng.SuiteRunner.runSequentially(SuiteRunner.java:371)
at org.testng.SuiteRunner.privateRun(SuiteRunner.java:332)
at org.testng.SuiteRunner.run(SuiteRunner.java:276)
at org.testng.SuiteRunnerWorker.runSuite(SuiteRunnerWorker.java:53)
at org.testng.SuiteRunnerWorker.run(SuiteRunnerWorker.java:96)
at org.testng.TestNG.runSuitesSequentially(TestNG.java:1212)
at org.testng.TestNG.runSuitesLocally(TestNG.java:1134)
at org.testng.TestNG.runSuites(TestNG.java:1063)
at org.testng.TestNG.run(TestNG.java:1031)
at org.testng.remote.AbstractRemoteTestNG.run(AbstractRemoteTestNG.java:115)
at org.testng.remote.RemoteTestNG.initAndRun(RemoteTestNG.java:293)
at org.testng.remote.RemoteTestNG.main(RemoteTestNG.java:91)
]]>
            </full-stacktrace>
          </exception> <!-- org.openqa.selenium.StaleElementReferenceException -->
          <reporter-output>
          </reporter-output>
        </test-method> <!-- addtoCart -->
        <test-method is-config="true" signature="logout()[pri:0, instance:com.qspiders.addtocart.TC_DWS_101_Test@33d512c1]" started-at="2025-01-30T17:33:10 IST" name="logout" finished-at="2025-01-30T17:33:11 IST" duration-ms="1231" status="PASS">
          <reporter-output>
          </reporter-output>
        </test-method> <!-- logout -->
        <test-method is-config="true" signature="closebrowser()[pri:0, instance:com.qspiders.addtocart.TC_DWS_101_Test@33d512c1]" started-at="2025-01-30T17:33:11 IST" name="closebrowser" finished-at="2025-01-30T17:33:12 IST" duration-ms="756" status="PASS">
          <reporter-output>
          </reporter-output>
        </test-method> <!-- closebrowser -->
      </class> <!-- com.qspiders.addtocart.TC_DWS_101_Test -->
      <class name="com.qspiders.computers.TC_DWS_010_Test">
        <test-method is-config="true" signature="openBrowser(java.lang.String)[pri:0, instance:com.qspiders.computers.TC_DWS_010_Test@397fbdb]" started-at="2025-01-30T17:32:39 IST" name="openBrowser" finished-at="2025-01-30T17:32:44 IST" duration-ms="4646" status="PASS">
          <params>
            <param index="0">
              <value>
                <![CDATA[chrome]]>
              </value>
            </param>
          </params>
          <reporter-output>
          </reporter-output>
        </test-method> <!-- openBrowser -->
        <test-method is-config="true" signature="login()[pri:0, instance:com.qspiders.computers.TC_DWS_010_Test@397fbdb]" started-at="2025-01-30T17:32:44 IST" name="login" finished-at="2025-01-30T17:32:47 IST" duration-ms="3434" status="PASS">
          <reporter-output>
          </reporter-output>
        </test-method> <!-- login -->
        <test-method signature="clickOnComputers()[pri:0, instance:com.qspiders.computers.TC_DWS_010_Test@397fbdb]" started-at="2025-01-30T17:32:47 IST" name="clickOnComputers" finished-at="2025-01-30T17:32:49 IST" duration-ms="1278" status="PASS">
          <reporter-output>
          </reporter-output>
        </test-method> <!-- clickOnComputers -->
        <test-method is-config="true" signature="logout()[pri:0, instance:com.qspiders.computers.TC_DWS_010_Test@397fbdb]" started-at="2025-01-30T17:32:49 IST" name="logout" finished-at="2025-01-30T17:32:50 IST" duration-ms="1129" status="PASS">
          <reporter-output>
          </reporter-output>
        </test-method> <!-- logout -->
        <test-method is-config="true" signature="closebrowser()[pri:0, instance:com.qspiders.computers.TC_DWS_010_Test@397fbdb]" started-at="2025-01-30T17:32:50 IST" name="closebrowser" finished-at="2025-01-30T17:32:50 IST" duration-ms="722" status="PASS">
          <reporter-output>
          </reporter-output>
        </test-method> <!-- closebrowser -->
      </class> <!-- com.qspiders.computers.TC_DWS_010_Test -->
      <class name="com.qspiders.book.TC_DWS_001_Test">
        <test-method is-config="true" signature="configReport()[pri:0, instance:com.qspiders.book.TC_DWS_001_Test@4802796d]" started-at="2025-01-30T17:32:22 IST" name="configReport" finished-at="2025-01-30T17:32:23 IST" duration-ms="1016" status="PASS">
          <reporter-output>
          </reporter-output>
        </test-method> <!-- configReport -->
        <test-method is-config="true" signature="openBrowser(java.lang.String)[pri:0, instance:com.qspiders.book.TC_DWS_001_Test@4802796d]" started-at="2025-01-30T17:32:23 IST" name="openBrowser" finished-at="2025-01-30T17:32:30 IST" duration-ms="7156" status="PASS">
          <params>
            <param index="0">
              <value>
                <![CDATA[chrome]]>
              </value>
            </param>
          </params>
          <reporter-output>
          </reporter-output>
        </test-method> <!-- openBrowser -->
        <test-method is-config="true" signature="login()[pri:0, instance:com.qspiders.book.TC_DWS_001_Test@4802796d]" started-at="2025-01-30T17:32:30 IST" name="login" finished-at="2025-01-30T17:32:36 IST" duration-ms="5779" status="PASS">
          <reporter-output>
          </reporter-output>
        </test-method> <!-- login -->
        <test-method signature="clickonBooks()[pri:0, instance:com.qspiders.book.TC_DWS_001_Test@4802796d]" started-at="2025-01-30T17:32:36 IST" name="clickonBooks" finished-at="2025-01-30T17:32:37 IST" duration-ms="1164" status="PASS">
          <reporter-output>
          </reporter-output>
        </test-method> <!-- clickonBooks -->
        <test-method is-config="true" signature="logout()[pri:0, instance:com.qspiders.book.TC_DWS_001_Test@4802796d]" started-at="2025-01-30T17:32:37 IST" name="logout" finished-at="2025-01-30T17:32:39 IST" duration-ms="1130" status="PASS">
          <reporter-output>
          </reporter-output>
        </test-method> <!-- logout -->
        <test-method is-config="true" signature="closebrowser()[pri:0, instance:com.qspiders.book.TC_DWS_001_Test@4802796d]" started-at="2025-01-30T17:32:39 IST" name="closebrowser" finished-at="2025-01-30T17:32:39 IST" duration-ms="583" status="PASS">
          <reporter-output>
          </reporter-output>
        </test-method> <!-- closebrowser -->
        <test-method is-config="true" signature="reportBackup()[pri:0, instance:com.qspiders.book.TC_DWS_001_Test@4802796d]" started-at="2025-01-30T17:33:12 IST" name="reportBackup" finished-at="2025-01-30T17:33:12 IST" duration-ms="703" status="PASS">
          <reporter-output>
          </reporter-output>
        </test-method> <!-- reportBackup -->
      </class> <!-- com.qspiders.book.TC_DWS_001_Test -->
    </test> <!-- Test -->
  </suite> <!-- Suite -->
</testng-results>
